<?xml version="1.0" encoding="UTF-8"?>
<!-- Generated by org.testng.reporters.JUnitReportReporter -->
<testsuite hostname="d1-wenbing-zhu" name="cn.gloryroad.TestLog4j" tests="1" failures="0" timestamp="16 Dec 2015 05:27:45 GMT" time="23.556" errors="0">
  <testcase name="testSearch" time="23.556" classname="cn.gloryroad.TestLog4j"/>
</testsuite> <!-- cn.gloryroad.TestLog4j -->
