<?xml version="1.0" encoding="UTF-8"?>
<!-- Generated by org.testng.reporters.JUnitReportReporter -->
<testsuite hostname="d1-wenbing-zhu" name="cn.gloryroad.testScript.TestSuiteByExcel" tests="1" failures="0" timestamp="21 Jan 2016 11:21:32 GMT" time="43.936" errors="0">
  <testcase name="testTestSuite" time="43.936" classname="cn.gloryroad.testScript.TestSuiteByExcel"/>
</testsuite> <!-- cn.gloryroad.testScript.TestSuiteByExcel -->
