<?xml version="1.0" encoding="UTF-8"?>
<!-- Generated by org.testng.reporters.JUnitReportReporter -->
<testsuite hostname="d1-wenbing-zhu" name="cn.gloryroad.testScript.TestSuiteByExcel" tests="1" failures="0" timestamp="2 Mar 2016 05:17:24 GMT" time="79.248" errors="0">
  <testcase name="testTestSuite" time="79.248" classname="cn.gloryroad.testScript.TestSuiteByExcel"/>
</testsuite> <!-- cn.gloryroad.testScript.TestSuiteByExcel -->
