<?xml version="1.0" encoding="UTF-8"?>
<!-- Generated by org.testng.reporters.JUnitReportReporter -->
<testsuite hostname="d1-wenbing-zhu" name="cn.gloryroad.testScript.TestSuiteByExcel" tests="1" failures="0" timestamp="3 Mar 2016 06:32:02 GMT" time="45.273" errors="0">
  <testcase name="testTestSuite" time="45.273" classname="cn.gloryroad.testScript.TestSuiteByExcel"/>
</testsuite> <!-- cn.gloryroad.testScript.TestSuiteByExcel -->
