<?xml version="1.0" encoding="UTF-8"?>
<!-- Generated by org.testng.reporters.JUnitReportReporter -->
<testsuite hostname="human-PC" name="cn.gloryroad.testScript.TestSuiteByExcel" tests="1" failures="0" timestamp="6 Mar 2016 05:34:17 GMT" time="102.040" errors="0">
  <testcase name="testTestSuite" time="102.040" classname="cn.gloryroad.testScript.TestSuiteByExcel"/>
</testsuite> <!-- cn.gloryroad.testScript.TestSuiteByExcel -->
