<?xml version="1.0" encoding="UTF-8"?>
<!-- Generated by org.testng.reporters.JUnitReportReporter -->
<testsuite hostname="d1-wenbing-zhu" name="cn.gloryroad.testScript.TestSuiteByExcel" tests="1" failures="0" timestamp="3 Mar 2016 09:26:52 GMT" time="42.865" errors="0">
  <testcase name="testTestSuite" time="42.865" classname="cn.gloryroad.testScript.TestSuiteByExcel"/>
</testsuite> <!-- cn.gloryroad.testScript.TestSuiteByExcel -->
