<?xml version="1.0" encoding="UTF-8"?>
<!-- Generated by org.testng.reporters.JUnitReportReporter -->
<<<<<<< HEAD
<<<<<<< HEAD
<testsuite hostname="human-PC" name="cn.gloryroad.testScript.TestSuiteByExcel" tests="1" failures="0" timestamp="6 Mar 2016 05:34:17 GMT" time="102.040" errors="0">
  <testcase name="testTestSuite" time="102.040" classname="cn.gloryroad.testScript.TestSuiteByExcel"/>
=======
<testsuite hostname="d1-wenbing-zhu" name="cn.gloryroad.testScript.TestSuiteByExcel" tests="1" failures="0" timestamp="14 Mar 2016 01:55:19 GMT" time="66.006" errors="0">
  <testcase name="testTestSuite" time="66.006" classname="cn.gloryroad.testScript.TestSuiteByExcel"/>
>>>>>>> 126邮箱发送带附件和正文的邮件的自动化测试
=======
<testsuite hostname="d1-wenbing-zhu" name="cn.gloryroad.testScript.TestSuiteByExcel" tests="1" failures="0" timestamp="14 Mar 2016 01:55:19 GMT" time="66.006" errors="0">
  <testcase name="testTestSuite" time="66.006" classname="cn.gloryroad.testScript.TestSuiteByExcel"/>
>>>>>>> develop
</testsuite> <!-- cn.gloryroad.testScript.TestSuiteByExcel -->
