<?xml version="1.0" encoding="UTF-8"?>
<!-- Generated by org.testng.reporters.JUnitReportReporter -->
<testsuite hostname="human-PC" name="cn.gloryorad.testScripts.TestMail126AddContactPerson" tests="1" failures="0" timestamp="25 Dec 2015 14:22:55 GMT" time="29.510" errors="0">
  <testcase name="testAddressBook" time="29.510" classname="cn.gloryorad.testScripts.TestMail126AddContactPerson"/>
</testsuite> <!-- cn.gloryorad.testScripts.TestMail126AddContactPerson -->
