<?xml version="1.0" encoding="UTF-8"?>
<!-- Generated by org.testng.reporters.JUnitReportReporter -->
<testsuite hostname="d1-wenbing-zhu" name="cn.gloryorad.testScripts.TestMail126Login" tests="1" failures="0" timestamp="16 Dec 2015 05:56:08 GMT" time="21.020" errors="0">
  <testcase name="testMailLogin" time="21.020" classname="cn.gloryorad.testScripts.TestMail126Login"/>
</testsuite> <!-- cn.gloryorad.testScripts.TestMail126Login -->
