<?xml version="1.0" encoding="UTF-8"?>
<!-- Generated by org.testng.reporters.JUnitReportReporter -->
<testsuite hostname="human-PC" name="cn.gloryorad.testScripts.TestMail126Login" tests="1" failures="0" timestamp="17 Dec 2015 13:59:39 GMT" time="17.634" errors="0">
  <testcase name="testMailLogin" time="17.634" classname="cn.gloryorad.testScripts.TestMail126Login"/>
</testsuite> <!-- cn.gloryorad.testScripts.TestMail126Login -->
