<?xml version="1.0" encoding="UTF-8"?>
<!-- Generated by org.testng.reporters.JUnitReportReporter -->
<testsuite hostname="d1-wenbing-zhu" name="cn.gloryorad.testScripts.TestMail126AddContactPerson" tests="1" failures="0" timestamp="28 Dec 2015 09:18:39 GMT" time="37.515" errors="0">
  <testcase name="testAddressBook" time="37.515" classname="cn.gloryorad.testScripts.TestMail126AddContactPerson"/>
</testsuite> <!-- cn.gloryorad.testScripts.TestMail126AddContactPerson -->
