<?xml version="1.0" encoding="UTF-8"?>
<!-- Generated by org.testng.reporters.JUnitReportReporter -->
<testsuite hostname="human-PC" name="cn.gloryorad.testScripts.TestMail126Login" tests="1" failures="0" timestamp="24 Dec 2015 13:12:51 GMT" time="18.461" errors="0">
  <testcase name="testMailLogin" time="18.461" classname="cn.gloryorad.testScripts.TestMail126Login"/>
</testsuite> <!-- cn.gloryorad.testScripts.TestMail126Login -->
