<?xml version="1.0" encoding="UTF-8"?>
<!-- Generated by org.testng.reporters.JUnitReportReporter -->
<testsuite hostname="d1-wenbing-zhu" name="com.takescreenshot.TestFailCaptureScreen" tests="1" failures="0" timestamp="22 Mar 2016 09:06:02 GMT" time="9.371" errors="0">
  <testcase name="testSearch" time="9.371" classname="com.takescreenshot.TestFailCaptureScreen"/>
</testsuite> <!-- com.takescreenshot.TestFailCaptureScreen -->
