<?xml version="1.0" encoding="UTF-8"?>
<!-- Generated by org.testng.reporters.JUnitReportReporter -->
<testsuite hostname="human-PC" name="launch_browsers.LaunchFirefox" tests="1" failures="0" timestamp="25 Sep 2016 14:44:51 GMT" time="7.257" errors="0">
  <testcase name="searchOnBaidu" time="7.257" classname="launch_browsers.LaunchFirefox"/>
</testsuite> <!-- launch_browsers.LaunchFirefox -->
