<?xml version="1.0" encoding="UTF-8"?>
<!-- Generated by org.testng.reporters.JUnitReportReporter -->
<testsuite hostname="human-PC" name="com.testseleniumgrid.TestSeleniumGrid2" tests="3" failures="1" timestamp="29 Aug 2016 15:00:21 GMT" time="117.178" errors="1">
  <testcase name="testSogouSearch1" time="36.958" classname="com.testseleniumgrid.TestSeleniumGrid2"/>
  <testcase name="testSogouSearch3" time="66.557" classname="com.testseleniumgrid.TestSeleniumGrid2">
    <error type="org.openqa.selenium.WebDriverException" message="Unable to connect to host 127.0.0.1 on port 7055 after 45000 ms. Firefox console output:
09	addons.xpi	INFO	Mapping commonfix@mozillaonline.com to C:\Users\ADMINI~1\AppData\Local\Temp\anonymous7977891935701157937webdriver-profile\extensions\commonfix@mozillaonline.com.xpi
1472482780511	addons.xpi-utils	DEBUG	Make addon app-profile:commonfix@mozillaonline.com visible
1472482780511	DeferredSave.extensions.json	DEBUG	Save changes
1472482780512	DeferredSave.extensions.json	DEBUG	Save changes
1472482780512	addons.xpi	DEBUG	XPIStates adding add-on commonfix@mozillaonline.com in app-profile: C:\Users\ADMINI~1\AppData\Local\Temp\anonymous7977891935701157937webdriver-profile\extensions\commonfix@mozillaonline.com.xpi
1472482780512	addons.xpi	DEBUG	Updating XPIState for {&quot;id&quot;:&quot;commonfix@mozillaonline.com&quot;,&quot;syncGUID&quot;:&quot;O9nrsQMGAfCI&quot;,&quot;location&quot;:&quot;app-profile&quot;,&quot;version&quot;:&quot;0.13&quot;,&quot;type&quot;:&quot;extension&quot;,&quot;internalName&quot;:null,&quot;updateURL&quot;:&quot;http://g-fox.cn/chinaedition/addons/commonfix/update.rdf?version=%ITEM_VERSION%&quot;,&quot;updateKey&quot;:&quot;MIGfMA0GCSqGSIb3DQEBAQUAA4GNADCBiQKBgQDeWvjaUcwQNMeAWcb1wdPKadNOUPB2Dp9/4SMWOshbJp7NcY+q46tt1rxwKJa+YVo7ohz5MxqWhxaQaAmEEhrUPIDNTvHEaBrpPMRXWGocSPd6reTvrncivMQpchW2wskMrYZUqtnslffxTKHvLuMnANzdzybzFkqaUDcYPbcEBwIDAQAB&quot;,&quot;optionsURL&quot;:null,&quot;optionsType&quot;:null,&quot;aboutURL&quot;:null,&quot;iconURL&quot;:null,&quot;icon64URL&quot;:null,&quot;defaultLocale&quot;:{&quot;name&quot;:&quot;鐏嫄淇宸ュ叿&quot;,&quot;description&quot;:&quot;璁╂偍鏂逛究鐨勪竴閿慨澶嶅ぇ閮ㄥ垎娴忚鍣ㄤ娇鐢ㄤ腑鐨勫父瑙侀棶棰橈紝涔熷彲浠ラ拡瀵规偍鎵�閬囧埌鐨勯棶棰橀�夋嫨鎵嬪姩淇銆佹垨鏄悜鎴戜滑鎶ュ憡闂鑾峰緱甯姪銆傜綉绔欐棤娉曠櫥褰曘�乫lash鎾斁宕╂簝銆佽繀闆蜂笅杞芥棤娉曞叧鑱旂瓑闂锛屽府鎮ㄥ揩閫熶慨澶嶃��&quot;,&quot;creator&quot;:&quot;Mozilla Online Ltd.&quot;,&quot;homepageURL&quot;:&quot;http://firefox.com.cn/&quot;},&quot;visible&quot;:true,&quot;active&quot;:true,&quot;userDisabled&quot;:false,&quot;appDisabled&quot;:false,&quot;descriptor&quot;:&quot;C:\\Users\\ADMINI~1\\AppData\\Local\\Temp\\anonymous7977891935701157937webdriver-profile\\extensions\\commonfix@mozillaonline.com.xpi&quot;,&quot;installDate&quot;:1472482780480,&quot;updateDate&quot;:1472482780480,&quot;applyBackgroundUpdates&quot;:1,&quot;bootstrap&quot;:true,&quot;size&quot;:131376,&quot;sourceURI&quot;:&quot;file:///C:/Program%20Files%20(x86)/Mozilla%20Firefox/distribution/myextensions/commonfix@mozillaonline.com.xpi&quot;,&quot;releaseNotesURI&quot;:null,&quot;softDisabled&quot;:false,&quot;foreignInstall&quot;:false,&quot;hasBinaryComponents&quot;:false,&quot;strictCompatibility&quot;:false,&quot;locales&quot;:[],&quot;targetApplications&quot;:[{&quot;id&quot;:&quot;{ec8030f7-c20a-464f-9b0e-13a3a9e97384}&quot;,&quot;minVersion&quot;:&quot;29.0&quot;,&quot;maxVersion&quot;:&quot;40.*&quot;}],&quot;targetPlatforms&quot;:[{&quot;os&quot;:&quot;WINNT&quot;,&quot;abi&quot;:null}],&quot;multiprocessCompatible&quot;:false,&quot;signedState&quot;:1}
1472482780532	addons.xpi	DEBUG	getModTime: Recursive scan of commonfix@mozillaonline.com
1472482780535	DeferredSave.extensions.json	DEBUG	Save changes
1472482780535	DeferredSave.extensions.json	DEBUG	Save changes
1472482780536	addons.xpi	DEBUG	Loading bootstrap scope from C:\Users\ADMINI~1\AppData\Local\Temp\anonymous7977891935701157937webdriver-profile\extensions\commonfix@mozillaonline.com.xpi
1472482780543	addons.xpi	DEBUG	Calling bootstrap method install on commonfix@mozillaonline.com version 0.13
1472482780544	addons.xpi	DEBUG	Install of file:///C:/Program%20Files%20(x86)/Mozilla%20Firefox/distribution/myextensions/commonfix@mozillaonline.com.xpi completed.
1472482780545	addons.xpi	DEBUG	Registering manifest for C:\Users\ADMINI~1\AppData\Local\Temp\anonymous7977891935701157937webdriver-profile\extensions\commonfix@mozillaonline.com.xpi
1472482780547	addons.xpi	DEBUG	Calling bootstrap method startup on commonfix@mozillaonline.com version 0.13
1472482780586	DeferredSave.extensions.json	DEBUG	Starting timer
1472482780615	addons.xpi	DEBUG	removeTemporaryFile: file:///C:/Program%20Files%20(x86)/Mozilla%20Firefox/distribution/myextensions/commonfix@mozillaonline.com.xpi does not own temp file
1472482780637	DeferredSave.extensions.json	DEBUG	Starting write
1472482780984	DeferredSave.extensions.json	DEBUG	Write succeeded
JavaScript warning: https://normandy.cdn.mozilla.net/static/bundles/selfrepair-068962304d04a2173e88.94ed0f93a4f3.js, line 11002: mutating the [[Prototype]] of an object will cause your code to run very slowly; instead create the object with the correct initial [[Prototype]] value using Object.create

Command duration or timeout: 66.11 seconds
Build info: version: &#039;2.48.2&#039;, revision: &#039;41bccdd&#039;, time: &#039;2015-10-09 19:55:52&#039;
System info: host: &#039;human-PC&#039;, ip: &#039;192.168.0.100&#039;, os.name: &#039;Windows 7&#039;, os.arch: &#039;amd64&#039;, os.version: &#039;6.1&#039;, java.version: &#039;1.7.0_45&#039;
Driver info: org.openqa.selenium.remote.RemoteWebDriver">
      <![CDATA[org.openqa.selenium.WebDriverException: Unable to connect to host 127.0.0.1 on port 7055 after 45000 ms. Firefox console output:
09	addons.xpi	INFO	Mapping commonfix@mozillaonline.com to C:\Users\ADMINI~1\AppData\Local\Temp\anonymous7977891935701157937webdriver-profile\extensions\commonfix@mozillaonline.com.xpi
1472482780511	addons.xpi-utils	DEBUG	Make addon app-profile:commonfix@mozillaonline.com visible
1472482780511	DeferredSave.extensions.json	DEBUG	Save changes
1472482780512	DeferredSave.extensions.json	DEBUG	Save changes
1472482780512	addons.xpi	DEBUG	XPIStates adding add-on commonfix@mozillaonline.com in app-profile: C:\Users\ADMINI~1\AppData\Local\Temp\anonymous7977891935701157937webdriver-profile\extensions\commonfix@mozillaonline.com.xpi
1472482780512	addons.xpi	DEBUG	Updating XPIState for {"id":"commonfix@mozillaonline.com","syncGUID":"O9nrsQMGAfCI","location":"app-profile","version":"0.13","type":"extension","internalName":null,"updateURL":"http://g-fox.cn/chinaedition/addons/commonfix/update.rdf?version=%ITEM_VERSION%","updateKey":"MIGfMA0GCSqGSIb3DQEBAQUAA4GNADCBiQKBgQDeWvjaUcwQNMeAWcb1wdPKadNOUPB2Dp9/4SMWOshbJp7NcY+q46tt1rxwKJa+YVo7ohz5MxqWhxaQaAmEEhrUPIDNTvHEaBrpPMRXWGocSPd6reTvrncivMQpchW2wskMrYZUqtnslffxTKHvLuMnANzdzybzFkqaUDcYPbcEBwIDAQAB","optionsURL":null,"optionsType":null,"aboutURL":null,"iconURL":null,"icon64URL":null,"defaultLocale":{"name":"鐏嫄淇宸ュ叿","description":"璁╂偍鏂逛究鐨勪竴閿慨澶嶅ぇ閮ㄥ垎娴忚鍣ㄤ娇鐢ㄤ腑鐨勫父瑙侀棶棰橈紝涔熷彲浠ラ拡瀵规偍鎵�閬囧埌鐨勯棶棰橀�夋嫨鎵嬪姩淇銆佹垨鏄悜鎴戜滑鎶ュ憡闂鑾峰緱甯姪銆傜綉绔欐棤娉曠櫥褰曘�乫lash鎾斁宕╂簝銆佽繀闆蜂笅杞芥棤娉曞叧鑱旂瓑闂锛屽府鎮ㄥ揩閫熶慨澶嶃��","creator":"Mozilla Online Ltd.","homepageURL":"http://firefox.com.cn/"},"visible":true,"active":true,"userDisabled":false,"appDisabled":false,"descriptor":"C:\\Users\\ADMINI~1\\AppData\\Local\\Temp\\anonymous7977891935701157937webdriver-profile\\extensions\\commonfix@mozillaonline.com.xpi","installDate":1472482780480,"updateDate":1472482780480,"applyBackgroundUpdates":1,"bootstrap":true,"size":131376,"sourceURI":"file:///C:/Program%20Files%20(x86)/Mozilla%20Firefox/distribution/myextensions/commonfix@mozillaonline.com.xpi","releaseNotesURI":null,"softDisabled":false,"foreignInstall":false,"hasBinaryComponents":false,"strictCompatibility":false,"locales":[],"targetApplications":[{"id":"{ec8030f7-c20a-464f-9b0e-13a3a9e97384}","minVersion":"29.0","maxVersion":"40.*"}],"targetPlatforms":[{"os":"WINNT","abi":null}],"multiprocessCompatible":false,"signedState":1}
1472482780532	addons.xpi	DEBUG	getModTime: Recursive scan of commonfix@mozillaonline.com
1472482780535	DeferredSave.extensions.json	DEBUG	Save changes
1472482780535	DeferredSave.extensions.json	DEBUG	Save changes
1472482780536	addons.xpi	DEBUG	Loading bootstrap scope from C:\Users\ADMINI~1\AppData\Local\Temp\anonymous7977891935701157937webdriver-profile\extensions\commonfix@mozillaonline.com.xpi
1472482780543	addons.xpi	DEBUG	Calling bootstrap method install on commonfix@mozillaonline.com version 0.13
1472482780544	addons.xpi	DEBUG	Install of file:///C:/Program%20Files%20(x86)/Mozilla%20Firefox/distribution/myextensions/commonfix@mozillaonline.com.xpi completed.
1472482780545	addons.xpi	DEBUG	Registering manifest for C:\Users\ADMINI~1\AppData\Local\Temp\anonymous7977891935701157937webdriver-profile\extensions\commonfix@mozillaonline.com.xpi
1472482780547	addons.xpi	DEBUG	Calling bootstrap method startup on commonfix@mozillaonline.com version 0.13
1472482780586	DeferredSave.extensions.json	DEBUG	Starting timer
1472482780615	addons.xpi	DEBUG	removeTemporaryFile: file:///C:/Program%20Files%20(x86)/Mozilla%20Firefox/distribution/myextensions/commonfix@mozillaonline.com.xpi does not own temp file
1472482780637	DeferredSave.extensions.json	DEBUG	Starting write
1472482780984	DeferredSave.extensions.json	DEBUG	Write succeeded
JavaScript warning: https://normandy.cdn.mozilla.net/static/bundles/selfrepair-068962304d04a2173e88.94ed0f93a4f3.js, line 11002: mutating the [[Prototype]] of an object will cause your code to run very slowly; instead create the object with the correct initial [[Prototype]] value using Object.create

Command duration or timeout: 66.11 seconds
Build info: version: '2.48.2', revision: '41bccdd', time: '2015-10-09 19:55:52'
System info: host: 'human-PC', ip: '192.168.0.100', os.name: 'Windows 7', os.arch: 'amd64', os.version: '6.1', java.version: '1.7.0_45'
Driver info: org.openqa.selenium.remote.RemoteWebDriver
	at sun.reflect.NativeConstructorAccessorImpl.newInstance0(Native Method)
	at sun.reflect.NativeConstructorAccessorImpl.newInstance(NativeConstructorAccessorImpl.java:57)
	at sun.reflect.DelegatingConstructorAccessorImpl.newInstance(DelegatingConstructorAccessorImpl.java:45)
	at java.lang.reflect.Constructor.newInstance(Constructor.java:526)
	at org.openqa.selenium.remote.ErrorHandler.createThrowable(ErrorHandler.java:206)
	at org.openqa.selenium.remote.ErrorHandler.throwIfResponseFailed(ErrorHandler.java:158)
	at org.openqa.selenium.remote.RemoteWebDriver.execute(RemoteWebDriver.java:647)
	at org.openqa.selenium.remote.RemoteWebDriver.startSession(RemoteWebDriver.java:247)
	at org.openqa.selenium.remote.RemoteWebDriver.<init>(RemoteWebDriver.java:129)
	at org.openqa.selenium.remote.RemoteWebDriver.<init>(RemoteWebDriver.java:156)
	at com.testseleniumgrid.GetDriver.getRemoteFirefoxdriver(GetDriver.java:48)
	at com.testseleniumgrid.TestSeleniumGrid2.testSogouSearch3(TestSeleniumGrid2.java:51)
	at sun.reflect.NativeMethodAccessorImpl.invoke0(Native Method)
	at sun.reflect.NativeMethodAccessorImpl.invoke(NativeMethodAccessorImpl.java:57)
	at sun.reflect.DelegatingMethodAccessorImpl.invoke(DelegatingMethodAccessorImpl.java:43)
	at java.lang.reflect.Method.invoke(Method.java:606)
	at org.testng.internal.MethodInvocationHelper.invokeMethod(MethodInvocationHelper.java:85)
	at org.testng.internal.Invoker.invokeMethod(Invoker.java:639)
	at org.testng.internal.Invoker.invokeTestMethod(Invoker.java:816)
	at org.testng.internal.Invoker.invokeTestMethods(Invoker.java:1124)
	at org.testng.internal.TestMethodWorker.invokeTestMethods(TestMethodWorker.java:125)
	at org.testng.internal.TestMethodWorker.run(TestMethodWorker.java:108)
	at java.util.concurrent.ThreadPoolExecutor.runWorker(ThreadPoolExecutor.java:1145)
	at java.util.concurrent.ThreadPoolExecutor$Worker.run(ThreadPoolExecutor.java:615)
	at java.lang.Thread.run(Thread.java:744)
Caused by: org.openqa.selenium.remote.ErrorHandler$UnknownServerException: Unable to connect to host 127.0.0.1 on port 7055 after 45000 ms. Firefox console output:
09	addons.xpi	INFO	Mapping commonfix@mozillaonline.com to C:\Users\ADMINI~1\AppData\Local\Temp\anonymous7977891935701157937webdriver-profile\extensions\commonfix@mozillaonline.com.xpi
1472482780511	addons.xpi-utils	DEBUG	Make addon app-profile:commonfix@mozillaonline.com visible
1472482780511	DeferredSave.extensions.json	DEBUG	Save changes
1472482780512	DeferredSave.extensions.json	DEBUG	Save changes
1472482780512	addons.xpi	DEBUG	XPIStates adding add-on commonfix@mozillaonline.com in app-profile: C:\Users\ADMINI~1\AppData\Local\Temp\anonymous7977891935701157937webdriver-profile\extensions\commonfix@mozillaonline.com.xpi
1472482780512	addons.xpi	DEBUG	Updating XPIState for {"id":"commonfix@mozillaonline.com","syncGUID":"O9nrsQMGAfCI","location":"app-profile","version":"0.13","type":"extension","internalName":null,"updateURL":"http://g-fox.cn/chinaedition/addons/commonfix/update.rdf?version=%ITEM_VERSION%","updateKey":"MIGfMA0GCSqGSIb3DQEBAQUAA4GNADCBiQKBgQDeWvjaUcwQNMeAWcb1wdPKadNOUPB2Dp9/4SMWOshbJp7NcY+q46tt1rxwKJa+YVo7ohz5MxqWhxaQaAmEEhrUPIDNTvHEaBrpPMRXWGocSPd6reTvrncivMQpchW2wskMrYZUqtnslffxTKHvLuMnANzdzybzFkqaUDcYPbcEBwIDAQAB","optionsURL":null,"optionsType":null,"aboutURL":null,"iconURL":null,"icon64URL":null,"defaultLocale":{"name":"鐏嫄淇宸ュ叿","description":"璁╂偍鏂逛究鐨勪竴閿慨澶嶅ぇ閮ㄥ垎娴忚鍣ㄤ娇鐢ㄤ腑鐨勫父瑙侀棶棰橈紝涔熷彲浠ラ拡瀵规偍鎵�閬囧埌鐨勯棶棰橀�夋嫨鎵嬪姩淇銆佹垨鏄悜鎴戜滑鎶ュ憡闂鑾峰緱甯姪銆傜綉绔欐棤娉曠櫥褰曘�乫lash鎾斁宕╂簝銆佽繀闆蜂笅杞芥棤娉曞叧鑱旂瓑闂锛屽府鎮ㄥ揩閫熶慨澶嶃��","creator":"Mozilla Online Ltd.","homepageURL":"http://firefox.com.cn/"},"visible":true,"active":true,"userDisabled":false,"appDisabled":false,"descriptor":"C:\\Users\\ADMINI~1\\AppData\\Local\\Temp\\anonymous7977891935701157937webdriver-profile\\extensions\\commonfix@mozillaonline.com.xpi","installDate":1472482780480,"updateDate":1472482780480,"applyBackgroundUpdates":1,"bootstrap":true,"size":131376,"sourceURI":"file:///C:/Program%20Files%20(x86)/Mozilla%20Firefox/distribution/myextensions/commonfix@mozillaonline.com.xpi","releaseNotesURI":null,"softDisabled":false,"foreignInstall":false,"hasBinaryComponents":false,"strictCompatibility":false,"locales":[],"targetApplications":[{"id":"{ec8030f7-c20a-464f-9b0e-13a3a9e97384}","minVersion":"29.0","maxVersion":"40.*"}],"targetPlatforms":[{"os":"WINNT","abi":null}],"multiprocessCompatible":false,"signedState":1}
1472482780532	addons.xpi	DEBUG	getModTime: Recursive scan of commonfix@mozillaonline.com
1472482780535	DeferredSave.extensions.json	DEBUG	Save changes
1472482780535	DeferredSave.extensions.json	DEBUG	Save changes
1472482780536	addons.xpi	DEBUG	Loading bootstrap scope from C:\Users\ADMINI~1\AppData\Local\Temp\anonymous7977891935701157937webdriver-profile\extensions\commonfix@mozillaonline.com.xpi
1472482780543	addons.xpi	DEBUG	Calling bootstrap method install on commonfix@mozillaonline.com version 0.13
1472482780544	addons.xpi	DEBUG	Install of file:///C:/Program%20Files%20(x86)/Mozilla%20Firefox/distribution/myextensions/commonfix@mozillaonline.com.xpi completed.
1472482780545	addons.xpi	DEBUG	Registering manifest for C:\Users\ADMINI~1\AppData\Local\Temp\anonymous7977891935701157937webdriver-profile\extensions\commonfix@mozillaonline.com.xpi
1472482780547	addons.xpi	DEBUG	Calling bootstrap method startup on commonfix@mozillaonline.com version 0.13
1472482780586	DeferredSave.extensions.json	DEBUG	Starting timer
1472482780615	addons.xpi	DEBUG	removeTemporaryFile: file:///C:/Program%20Files%20(x86)/Mozilla%20Firefox/distribution/myextensions/commonfix@mozillaonline.com.xpi does not own temp file
1472482780637	DeferredSave.extensions.json	DEBUG	Starting write
1472482780984	DeferredSave.extensions.json	DEBUG	Write succeeded
JavaScript warning: https://normandy.cdn.mozilla.net/static/bundles/selfrepair-068962304d04a2173e88.94ed0f93a4f3.js, line 11002: mutating the [[Prototype]] of an object will cause your code to run very slowly; instead create the object with the correct initial [[Prototype]] value using Object.create

Build info: version: '2.48.2', revision: '41bccdd', time: '2015-10-09 19:55:52'
System info: host: 'human-PC', ip: '192.168.0.100', os.name: 'Windows 7', os.arch: 'amd64', os.version: '6.1', java.version: '1.7.0_45'
Driver info: driver.version: FirefoxDriver
	at org.openqa.selenium.firefox.internal.NewProfileExtensionConnection.start(NewProfileExtensionConnection.java:118)
	at org.openqa.selenium.firefox.FirefoxDriver.startClient(FirefoxDriver.java:246)
	at org.openqa.selenium.remote.RemoteWebDriver.<init>(RemoteWebDriver.java:114)
	at org.openqa.selenium.firefox.FirefoxDriver.<init>(FirefoxDriver.java:193)
	at org.openqa.selenium.firefox.FirefoxDriver.<init>(FirefoxDriver.java:186)
	at org.openqa.selenium.firefox.FirefoxDriver.<init>(FirefoxDriver.java:104)
	at sun.reflect.NativeConstructorAccessorImpl.newInstance0(Native Method)
	at sun.reflect.NativeConstructorAccessorImpl.newInstance(Unknown Source)
	at sun.reflect.DelegatingConstructorAccessorImpl.newInstance(Unknown Source)
	at java.lang.reflect.Constructor.newInstance(Unknown Source)
	at org.openqa.selenium.remote.server.DefaultDriverProvider.callConstructor(DefaultDriverProvider.java:59)
	at org.openqa.selenium.remote.server.DefaultDriverProvider.newInstance(DefaultDriverProvider.java:53)
	at org.openqa.selenium.remote.server.DefaultDriverFactory.newInstance(DefaultDriverFactory.java:54)
	at org.openqa.selenium.remote.server.DefaultSession$BrowserCreator.call(DefaultSession.java:214)
	at org.openqa.selenium.remote.server.DefaultSession$BrowserCreator.call(DefaultSession.java:1)
	at java.util.concurrent.FutureTask.run(Unknown Source)
	at org.openqa.selenium.remote.server.DefaultSession$1.run(DefaultSession.java:168)
	at java.util.concurrent.ThreadPoolExecutor.runWorker(Unknown Source)
	at java.util.concurrent.ThreadPoolExecutor$Worker.run(Unknown Source)
	at java.lang.Thread.run(Unknown Source)
]]>
    </error>
  </testcase> <!-- testSogouSearch3 -->
  <testcase name="testSogouSearch2" time="13.663" classname="com.testseleniumgrid.TestSeleniumGrid2">
    <failure type="java.lang.AssertionError">
      <![CDATA[java.lang.AssertionError
	at org.junit.Assert.fail(Assert.java:86)
	at org.junit.Assert.assertTrue(Assert.java:41)
	at org.junit.Assert.assertTrue(Assert.java:52)
	at com.testseleniumgrid.TestSeleniumGrid2.testSogouSearch2(TestSeleniumGrid2.java:44)
	at sun.reflect.NativeMethodAccessorImpl.invoke0(Native Method)
	at sun.reflect.NativeMethodAccessorImpl.invoke(NativeMethodAccessorImpl.java:57)
	at sun.reflect.DelegatingMethodAccessorImpl.invoke(DelegatingMethodAccessorImpl.java:43)
	at java.lang.reflect.Method.invoke(Method.java:606)
	at org.testng.internal.MethodInvocationHelper.invokeMethod(MethodInvocationHelper.java:85)
	at org.testng.internal.Invoker.invokeMethod(Invoker.java:639)
	at org.testng.internal.Invoker.invokeTestMethod(Invoker.java:816)
	at org.testng.internal.Invoker.invokeTestMethods(Invoker.java:1124)
	at org.testng.internal.TestMethodWorker.invokeTestMethods(TestMethodWorker.java:125)
	at org.testng.internal.TestMethodWorker.run(TestMethodWorker.java:108)
	at java.util.concurrent.ThreadPoolExecutor.runWorker(ThreadPoolExecutor.java:1145)
	at java.util.concurrent.ThreadPoolExecutor$Worker.run(ThreadPoolExecutor.java:615)
	at java.lang.Thread.run(Thread.java:744)
]]>
    </failure>
  </testcase> <!-- testSogouSearch2 -->
</testsuite> <!-- com.testseleniumgrid.TestSeleniumGrid2 -->
