<?xml version="1.0" encoding="UTF-8"?>
<!-- Generated by org.testng.reporters.JUnitReportReporter -->
<testsuite hostname="human-PC" name="cn.gloryroad.VisitSogouByChrome" tests="1" failures="0" timestamp="28 Nov 2015 07:01:12 GMT" time="6.987" errors="0">
  <testcase name="visitSogou" time="6.987" classname="cn.gloryroad.VisitSogouByChrome"/>
</testsuite> <!-- cn.gloryroad.VisitSogouByChrome -->
