<?xml version="1.0" encoding="UTF-8"?>
<!-- Generated by org.testng.reporters.JUnitReportReporter -->
<testsuite hostname="d1-wenbing-zhu" name="cn.gloryroad.TestDataDrivenByExcelFile" tests="3" failures="0" timestamp="28 Dec 2015 05:14:28 GMT" time="46.571" errors="0">
  <testcase name="testSearch" time="17.372" classname="cn.gloryroad.TestDataDrivenByExcelFile"/>
  <testcase name="testSearch" time="11.275" classname="cn.gloryroad.TestDataDrivenByExcelFile"/>
  <testcase name="testSearch" time="17.924" classname="cn.gloryroad.TestDataDrivenByExcelFile"/>
</testsuite> <!-- cn.gloryroad.TestDataDrivenByExcelFile -->
