<?xml version="1.0" encoding="UTF-8"?>
<!-- Generated by org.testng.reporters.JUnitReportReporter -->
<testsuite hostname="human-PC" name="cn.gloryroad.VisitSogouByIE" tests="1" failures="0" timestamp="28 Nov 2015 06:54:35 GMT" time="5.993" errors="0">
  <testcase name="visitSogou" time="5.993" classname="cn.gloryroad.VisitSogouByIE"/>
</testsuite> <!-- cn.gloryroad.VisitSogouByIE -->
