<?xml version="1.0" encoding="UTF-8"?>
<!-- Generated by org.testng.reporters.JUnitReportReporter -->
<testsuite hostname="d1-wenbing-zhu" name="cn.gloryroad.SequenceTest" tests="3" failures="0" timestamp="22 Mar 2016 06:18:07 GMT" time="0.001" errors="0">
  <testcase name="test4" time="0.000" classname="cn.gloryroad.SequenceTest"/>
  <testcase name="test3" time="0.000" classname="cn.gloryroad.SequenceTest"/>
  <testcase name="test1" time="0.001" classname="cn.gloryroad.SequenceTest"/>
</testsuite> <!-- cn.gloryroad.SequenceTest -->
