<?xml version="1.0" encoding="UTF-8"?>
<!-- Generated by org.testng.reporters.JUnitReportReporter -->
<testsuite hostname="d1-wenbing-zhu" name="com.testHTML5VideoPlayer.TestHTML5VideoPlayer" tests="1" failures="0" timestamp="24 Mar 2016 01:10:39 GMT" time="22.672" errors="0">
  <testcase name="testVideoPlayer" time="22.672" classname="com.testHTML5VideoPlayer.TestHTML5VideoPlayer"/>
</testsuite> <!-- com.testHTML5VideoPlayer.TestHTML5VideoPlayer -->
