<?xml version="1.0" encoding="UTF-8"?>
<!-- Generated by org.testng.reporters.JUnitReportReporter -->
<testsuite hostname="d1-wenbing-zhu" name="cn.gloryroad.TestDataDrivenByExcelFile" tests="3" failures="0" timestamp="6 Apr 2016 01:41:29 GMT" time="93.658" errors="0">
  <testcase name="testSearch" time="15.964" classname="cn.gloryroad.TestDataDrivenByExcelFile"/>
  <testcase name="testSearch" time="14.481" classname="cn.gloryroad.TestDataDrivenByExcelFile"/>
  <testcase name="testSearch" time="63.213" classname="cn.gloryroad.TestDataDrivenByExcelFile"/>
</testsuite> <!-- cn.gloryroad.TestDataDrivenByExcelFile -->
