<?xml version="1.0" encoding="UTF-8"?>
<!-- Generated by org.testng.reporters.JUnitReportReporter -->
<testsuite hostname="human-PC" name="com.testseleniumgrid.TestSeleniumGrid" tests="1" failures="0" timestamp="29 Aug 2016 14:21:28 GMT" time="33.752" errors="0">
  <testcase name="testSogouSearch" time="33.752" classname="com.testseleniumgrid.TestSeleniumGrid"/>
</testsuite> <!-- com.testseleniumgrid.TestSeleniumGrid -->
