<?xml version="1.0" encoding="UTF-8"?>
<!-- Generated by org.testng.reporters.JUnitReportReporter -->
<testsuite hostname="d1-wenbing-zhu" name="com.alert.TestHandleAlert" tests="1" failures="0" timestamp="24 Mar 2016 11:27:48 GMT" time="5.901" errors="0">
  <testcase name="TestHandleAlert" time="5.901" classname="com.alert.TestHandleAlert"/>
</testsuite> <!-- com.alert.TestHandleAlert -->
