<?xml version="1.0" encoding="UTF-8"?>
<!-- Generated by org.testng.reporters.JUnitReportReporter -->
<testsuite hostname="d1-wenbing-zhu" name="cn.gloryroad.Annotaiton" tests="2" failures="0" timestamp="29 Mar 2016 01:01:18 GMT" time="0.000" errors="0">
  <testcase name="testCase2" time="0.000" classname="cn.gloryroad.Annotaiton"/>
  <testcase name="testCase1" time="0.000" classname="cn.gloryroad.Annotaiton"/>
</testsuite> <!-- cn.gloryroad.Annotaiton -->
