<?xml version="1.0" encoding="UTF-8"?>
<!-- Generated by org.testng.reporters.JUnitReportReporter -->
<testsuite hostname="human-PC" name="cn.gloryroad.VisitSogouByFirefox" tests="1" failures="0" timestamp="28 Nov 2015 07:05:58 GMT" time="4.943" errors="0">
  <testcase name="visitSogou" time="4.943" classname="cn.gloryroad.VisitSogouByFirefox"/>
</testsuite> <!-- cn.gloryroad.VisitSogouByFirefox -->
