<?xml version="1.0" encoding="UTF-8"?>
<!-- Generated by org.testng.reporters.JUnitReportReporter -->
<testsuite hostname="human-PC" name="cn.gloryroad.FirstTestNGDemo" tests="1" failures="0" timestamp="28 Nov 2015 01:19:33 GMT" time="8.012" errors="0">
  <testcase name="testSearch" time="8.012" classname="cn.gloryroad.FirstTestNGDemo"/>
</testsuite> <!-- cn.gloryroad.FirstTestNGDemo -->
