<?xml version="1.0" encoding="UTF-8"?>
<!-- Generated by org.testng.reporters.JUnitReportReporter -->
<testsuite hostname="d1-wenbing-zhu" name="com.scrolling.TestDemo" tests="1" failures="0" timestamp="23 Mar 2016 01:36:44 GMT" time="71.537" errors="0">
  <testcase name="scrollingByCoordinatesofAPage" time="71.537" classname="com.scrolling.TestDemo"/>
</testsuite> <!-- com.scrolling.TestDemo -->
