<?xml version="1.0" encoding="UTF-8"?>
<!-- Generated by org.testng.reporters.JUnitReportReporter -->
<testsuite hostname="d1-wenbing-zhu" name="com.alert.TestConfirm" tests="1" failures="0" timestamp="24 Mar 2016 11:35:03 GMT" time="5.506" errors="0">
  <testcase name="TestConfirm" time="5.506" classname="com.alert.TestConfirm"/>
</testsuite> <!-- com.alert.TestConfirm -->
