<?xml version="1.0" encoding="UTF-8"?>
<!-- Generated by org.testng.reporters.JUnitReportReporter -->
<testsuite hostname="human-PC" name="cn.gloryroad.Annotaiton" tests="2" failures="0" timestamp="28 Nov 2015 01:19:33 GMT" time="0.001" errors="0">
  <testcase name="testCase2" time="0.000" classname="cn.gloryroad.Annotaiton"/>
  <testcase name="testCase1" time="0.001" classname="cn.gloryroad.Annotaiton"/>
</testsuite> <!-- cn.gloryroad.Annotaiton -->
