<?xml version="1.0" encoding="UTF-8"?>
<!-- Generated by org.testng.reporters.JUnitReportReporter -->
<testsuite hostname="human-PC" name="cn.gloryroad.AssertTest" tests="1" failures="0" timestamp="28 Nov 2015 03:08:22 GMT" time="7.063" errors="0">
  <testcase name="testSogouSearch" time="7.063" classname="cn.gloryroad.AssertTest"/>
</testsuite> <!-- cn.gloryroad.AssertTest -->
