<?xml version="1.0" encoding="UTF-8"?>
<!-- Generated by org.testng.reporters.JUnitReportReporter -->
<testsuite hostname="human-PC" name="cn.gloryroad.DataFProviderTest" tests="3" failures="0" timestamp="5 Dec 2015 10:11:32 GMT" time="169.097" errors="0">
  <testcase name="test" time="15.836" classname="cn.gloryroad.DataFProviderTest"/>
  <testcase name="test" time="19.867" classname="cn.gloryroad.DataFProviderTest"/>
  <testcase name="test" time="133.394" classname="cn.gloryroad.DataFProviderTest"/>
</testsuite> <!-- cn.gloryroad.DataFProviderTest -->
