<?xml version="1.0" encoding="UTF-8"?>
<!-- Generated by org.testng.reporters.JUnitReportReporter -->
<testsuite hostname="human-PC" name="cn.gloryroad.SequenceTest" tests="3" failures="0" timestamp="28 Nov 2015 02:13:30 GMT" time="0.014" errors="0">
  <testcase name="test1" time="0.012" classname="cn.gloryroad.SequenceTest"/>
  <testcase name="test4" time="0.001" classname="cn.gloryroad.SequenceTest"/>
  <testcase name="test3" time="0.001" classname="cn.gloryroad.SequenceTest"/>
</testsuite> <!-- cn.gloryroad.SequenceTest -->
