<?xml version="1.0" encoding="UTF-8"?>
<!-- Generated by org.testng.reporters.JUnitReportReporter -->
<testsuite hostname="human-PC" name="cn.gloryroad.TestDataDrivenByMysqlDatabase" tests="3" failures="0" timestamp="6 Dec 2015 04:32:59 GMT" time="32.049" errors="0">
  <testcase name="testSearch" time="9.636" classname="cn.gloryroad.TestDataDrivenByMysqlDatabase"/>
  <testcase name="testSearch" time="10.161" classname="cn.gloryroad.TestDataDrivenByMysqlDatabase"/>
  <testcase name="testSearch" time="12.252" classname="cn.gloryroad.TestDataDrivenByMysqlDatabase"/>
</testsuite> <!-- cn.gloryroad.TestDataDrivenByMysqlDatabase -->
