<?xml version="1.0" encoding="UTF-8"?>
<!-- Generated by org.testng.reporters.JUnitReportReporter -->
<testsuite hostname="d1-wenbing-zhu" name="cn.gloryroad.TestDataDrivenByMysqlDatabase" tests="3" failures="0" timestamp="5 Apr 2016 07:16:15 GMT" time="43.168" errors="0">
  <testcase name="testSearch" time="10.077" classname="cn.gloryroad.TestDataDrivenByMysqlDatabase"/>
  <testcase name="testSearch" time="21.943" classname="cn.gloryroad.TestDataDrivenByMysqlDatabase"/>
  <testcase name="testSearch" time="11.148" classname="cn.gloryroad.TestDataDrivenByMysqlDatabase"/>
</testsuite> <!-- cn.gloryroad.TestDataDrivenByMysqlDatabase -->
