<?xml version="1.0" encoding="UTF-8"?>
<!-- Generated by org.testng.reporters.JUnitReportReporter -->
<testsuite hostname="human-PC" name="cn.gloryroad.DependentTest" tests="3" failures="0" timestamp="28 Nov 2015 02:05:07 GMT" time="0.013" errors="0">
  <testcase name="LogOut" time="0.000" classname="cn.gloryroad.DependentTest"/>
  <testcase name="SignIn" time="0.001" classname="cn.gloryroad.DependentTest"/>
  <testcase name="OpenBrowser" time="0.012" classname="cn.gloryroad.DependentTest"/>
</testsuite> <!-- cn.gloryroad.DependentTest -->
