<?xml version="1.0" encoding="UTF-8"?>
<!-- Generated by org.testng.reporters.JUnitReportReporter -->
<testsuite hostname="human-PC" name="cn.gloryroad.Grouping" tests="5" failures="0" timestamp="28 Nov 2015 01:54:10 GMT" time="0.013" errors="0">
  <testcase name="student" time="0.000" classname="cn.gloryroad.Grouping"/>
  <testcase name="feeder" time="0.000" classname="cn.gloryroad.Grouping"/>
  <testcase name="teacher" time="0.001" classname="cn.gloryroad.Grouping"/>
  <testcase name="cat" time="0.011" classname="cn.gloryroad.Grouping"/>
  <testcase name="dog" time="0.001" classname="cn.gloryroad.Grouping"/>
</testsuite> <!-- cn.gloryroad.Grouping -->
