<?xml version="1.0" encoding="UTF-8"?>
<!-- Generated by org.testng.reporters.JUnitReportReporter -->
<testsuite hostname="human-PC" name="cn.gloryroad.TestDataDrivenByExcelFile" tests="2" failures="0" timestamp="5 Dec 2015 13:30:21 GMT" time="25.783" errors="0">
  <testcase name="testSearch" time="12.443" classname="cn.gloryroad.TestDataDrivenByExcelFile"/>
  <testcase name="testSearch" time="13.340" classname="cn.gloryroad.TestDataDrivenByExcelFile"/>
</testsuite> <!-- cn.gloryroad.TestDataDrivenByExcelFile -->
