<?xml version="1.0" encoding="UTF-8"?>
<!-- Generated by org.testng.reporters.JUnitReportReporter -->
<testsuite hostname="human-PC" name="cn.gloryroad.TestngReporter" tests="3" failures="0" timestamp="28 Nov 2015 02:24:55 GMT" time="0.012" errors="0">
  <testcase name="OpenBrowser" time="0.000" classname="cn.gloryroad.TestngReporter"/>
  <testcase name="Logout" time="0.012" classname="cn.gloryroad.TestngReporter"/>
  <testcase name="SignIn" time="0.000" classname="cn.gloryroad.TestngReporter"/>
</testsuite> <!-- cn.gloryroad.TestngReporter -->
