<?xml version="1.0" encoding="UTF-8"?>
<!-- Generated by org.testng.reporters.JUnitReportReporter -->
<testsuite hostname="human-PC" name="cn.gloryroad.testScripts.Test126mail" tests="1" failures="0" timestamp="6 Dec 2015 14:28:39 GMT" time="19.643" errors="0">
  <testcase name="testLogin" time="19.643" classname="cn.gloryroad.testScripts.Test126mail"/>
</testsuite> <!-- cn.gloryroad.testScripts.Test126mail -->
