<?xml version="1.0" encoding="UTF-8"?>
<!-- Generated by org.testng.reporters.JUnitReportReporter -->
<testsuite hostname="human-PC" name="launch_browsers.LaunchIE" tests="1" failures="0" timestamp="25 Sep 2016 15:07:15 GMT" time="4.924" errors="0">
  <testcase name="searchOnBaidu" time="4.924" classname="launch_browsers.LaunchIE"/>
</testsuite> <!-- launch_browsers.LaunchIE -->
