<?xml version="1.0" encoding="UTF-8"?>
<!-- Generated by org.testng.reporters.JUnitReportReporter -->
<testsuite hostname="d1-wenbing-zhu" name="cn.gloryroad.VisitSogouByIE" tests="1" failures="0" timestamp="7 Jan 2016 02:23:53 GMT" time="8.287" errors="0">
  <testcase name="visitSogou" time="8.287" classname="cn.gloryroad.VisitSogouByIE"/>
</testsuite> <!-- cn.gloryroad.VisitSogouByIE -->
